  10 nF 1000 Ohm    100   126.139641 Hz [  102.173109   152.628965]
  10 nF 1200 Ohm    120   105.116371 Hz [   85.144261   127.190809]
  10 nF 1500 Ohm    150    84.093094 Hz [   68.115406   101.752644]
  10 nF 1800 Ohm    180    70.077576 Hz [   56.762836    84.793867]
  10 nF 2200 Ohm    220    57.336201 Hz [   46.442323    69.376803]
  10 nF 2700 Ohm    270    46.718388 Hz [   37.841894    56.529249]
  10 nF 3300 Ohm    330    38.224133 Hz [   30.961547    46.251200]
  10 nF 3900 Ohm    390    32.343498 Hz [   26.198234    39.135633]
  10 nF 4700 Ohm    470    26.838223 Hz [   21.738960    32.474249]
  10 nF 5600 Ohm    560    22.524937 Hz [   18.245199    27.255173]
  10 nF 6800 Ohm    680    18.549948 Hz [   15.025458    22.445437]
  10 nF 8200 Ohm    820    15.382883 Hz [   12.460135    18.613289]
  22 nF 1000 Ohm    220    57.336201 Hz [   46.442323    69.376803]
  22 nF 1200 Ohm    264    47.780167 Hz [   38.701935    57.814002]
  22 nF 1500 Ohm    330    38.224133 Hz [   30.961547    46.251200]
  22 nF 1800 Ohm    396    31.853445 Hz [   25.801290    38.542669]
  22 nF 2200 Ohm    484    26.061909 Hz [   21.110146    31.534910]
  22 nF 2700 Ohm    594    21.235630 Hz [   17.200860    25.695112]
  22 nF 3300 Ohm    726    17.374607 Hz [   14.073432    21.023275]
  22 nF 3900 Ohm    858    14.701590 Hz [   11.908288    17.788923]
  22 nF 4700 Ohm   1034    12.199192 Hz [    9.881346    14.761022]
  22 nF 5600 Ohm   1232    10.238607 Hz [    8.293272    12.388715]
  22 nF 6800 Ohm   1496     8.431794 Hz [    6.829753    10.202471]
  22 nF 8200 Ohm   1804     6.992219 Hz [    5.663698     8.460586]
  33 nF 1000 Ohm    330    38.224133 Hz [   30.961547    46.251200]
  33 nF 1200 Ohm    396    31.853445 Hz [   25.801290    38.542669]
  33 nF 1500 Ohm    495    25.482756 Hz [   20.641032    30.834134]
  33 nF 1800 Ohm    594    21.235630 Hz [   17.200860    25.695112]
  33 nF 2200 Ohm    726    17.374607 Hz [   14.073432    21.023275]
  33 nF 2700 Ohm    891    14.157086 Hz [   11.467240    17.130075]
  33 nF 3300 Ohm   1089    11.583071 Hz [    9.382287    14.015516]
  33 nF 3900 Ohm   1287     9.801060 Hz [    7.938858    11.859282]
  33 nF 4700 Ohm   1551     8.132794 Hz [    6.587563     9.840681]
  33 nF 5600 Ohm   1848     6.825738 Hz [    5.528848     8.259144]
  33 nF 6800 Ohm   2244     5.621196 Hz [    4.553169     6.801647]
  33 nF 8200 Ohm   2706     4.661480 Hz [    3.775799     5.640391]
  47 nF 1000 Ohm    470    26.838223 Hz [   21.738960    32.474249]
  47 nF 1200 Ohm    564    22.365185 Hz [   18.115800    27.061874]
  47 nF 1500 Ohm    705    17.892147 Hz [   14.492639    21.649498]
  47 nF 1800 Ohm    846    14.910123 Hz [   12.077200    18.041249]
  47 nF 2200 Ohm   1034    12.199192 Hz [    9.881346    14.761022]
  47 nF 2700 Ohm   1269     9.940083 Hz [    8.051467    12.027500]
  47 nF 3300 Ohm   1551     8.132794 Hz [    6.587563     9.840681]
  47 nF 3900 Ohm   1833     6.881595 Hz [    5.574092     8.326730]
  47 nF 4700 Ohm   2209     5.710260 Hz [    4.625311     6.909414]
  47 nF 5600 Ohm   2632     4.792540 Hz [    3.881957     5.798973]
  47 nF 6800 Ohm   3196     3.946797 Hz [    3.196906     4.775625]
  47 nF 8200 Ohm   3854     3.272954 Hz [    2.651093     3.960274]
 100 nF 1000 Ohm   1000    12.613964 Hz [   10.217311    15.262897]
 100 nF 1200 Ohm   1200    10.511637 Hz [    8.514426    12.719080]
 100 nF 1500 Ohm   1500     8.409309 Hz [    6.811541    10.175264]
 100 nF 1800 Ohm   1800     7.007758 Hz [    5.676284     8.479387]
 100 nF 2200 Ohm   2200     5.733620 Hz [    4.644232     6.937680]
 100 nF 2700 Ohm   2700     4.671839 Hz [    3.784189     5.652925]
 100 nF 3300 Ohm   3300     3.822413 Hz [    3.096155     4.625120]
 100 nF 3900 Ohm   3900     3.234350 Hz [    2.619823     3.913563]
 100 nF 4700 Ohm   4700     2.683822 Hz [    2.173896     3.247425]
 100 nF 5600 Ohm   5600     2.252494 Hz [    1.824520     2.725517]
 100 nF 6800 Ohm   6800     1.854995 Hz [    1.502546     2.244544]
 100 nF 8200 Ohm   8200     1.538288 Hz [    1.246014     1.861329]
