, 
, 
, 
, 
, 
, 
, 
, 
, 
, 
, 
, 
, 
# 14, 74hc138, 3:8 Multiplex, 
3, 18, 3cb1, 
3, 19, 3cb2, 
3, 2, 3pa0, 
3, 3, 3pa1, 
3, 4, 3pa2, 
3, 5, 3pa3, 
3, 6, 3pa4, 
3, 7, 3pa5, 
3, 8, 3pa6, 
3, 9, 3pa7, 
3, 10, 3pb0, 
3, 11, 3pb1, 
3, 12, 3pb2, 
3, 13, 3pb3, 
3, 14, 3pb4, 
3, 15, 3pb5, 
3, 16, 3pb6, 
3, 17, 3pb7, 
# 8, 74hc10, 3x3 NAND, 
4, 18, 4cb1, 
4, 19, 4cb2, 
4, 2, 4pa0, 
4, 3, 4pa1, 
4, 4, 4pa2, 
4, 5, 4pa3, 
4, 6, 4pa4, 
4, 7, 4pa5, 
4, 8, 4pa6, 
4, 9, 4pa7, 
4, 10, 4pb0, 
4, 11, 4pb1, 
4, 12, 4pb2, 
4, 13, 4pb3, 
4, 14, 4pb4, 
4, 15, 4pb5, 
4, 16, 4pb6, 
4, 17, 4pb7, 
# 11, 74hc00, 4x2 NAND, 
# 12, 74hc00, 4x2 NAND, select SRAM, 
# 10, 74hc32, 4x2 OR, 
# 9, 74hc32, 4x2 OR, 
14, 1, a0, 
1, 9, a0, 
5, 10, a0, 
6, 10, a0, 
7, 10, a0, 
2, 13, a0, rs0, 
3, 38, a0, rs0, 
4, 38, a0, rs0, 
1, 10, a1, 
14, 2, a1, 
5, 9, a1, 
6, 9, a1, 
7, 9, a1, 
1, 19, a10, 
5, 21, a10, 
6, 21, a10, 
7, 21, a10, 
9, 2, a10, 
1, 20, a11, 
5, 23, a11, 
6, 23, a11, 
7, 23, a11, 
9, 1, a11, 
10, 2, a12, 
1, 22, a12, 
5, 2, a12, 
6, 2, a12, 
7, 2, a12, 
1, 23, a13, 
5, 26, a13, 
6, 26, a13, 
8, 13, a13, 
1, 24, a14, 
5, 1, a14, 
6, 1, a14, 
8, 2, a14, 
12, 2, a15, 
1, 25, a15, 
8, 1, a15, 
2, 14, a1, rs1, 
3, 37, a1, rs1, 
4, 37, a1, rs1, 
1, 11, a2, 
5, 8, a2, 
6, 8, a2, 
7, 8, a2, 
3, 36, a2, rs2, 
4, 36, a2, rs2, 
1, 12, a3, 
14, 3, a3, 
5, 7, a3, 
6, 7, a3, 
7, 7, a3, 
3, 35, a3, rs3, 
4, 35, a3, rs3, 
1, 13, a4, 
5, 6, a4, 
6, 6, a4, 
7, 6, a4, 
1, 14, a5, 
5, 5, a5, 
6, 5, a5, 
7, 5, a5, 
1, 15, a6, 
5, 4, a6, 
6, 4, a6, 
7, 4, a6, 
1, 16, a7, 
5, 3, a7, 
6, 3, a7, 
7, 3, a7, 
1, 17, a8, 
5, 25, a8, 
6, 25, a8, 
7, 25, a8, 
9, 5, a8, 
1, 18, a9, 
5, 24, a9, 
6, 24, a9, 
7, 24, a9, 
9, 4, a9, 
7, 1, busyb, 
3, 40, ca1, 
4, 40, ca1, 
3, 39, ca2, 
4, 39, ca2, 
# 2, 6551, CIA, 
# 1, 6502, CPU NMOS, 
2, 3, cs2b, cs1b, 
14, 14, cs2b, y1, 
3, 23, cs3b, cs2b, 
14, 13, cs3b, y2, 
4, 23, cs4b, cs2b, 
14, 12, cs4b, y3, 
12, 3, cs5b, 
12, 5, cs5b, 
5, 20, cs5b, ceb, 
12, 6, cs6b, 
6, 20, cs6b, ceb, 
7, 20, cs7b, ceb, 
2, 9, ctsb, 
1, 33, d0, 
2, 18, d0, 
3, 33, d0, 
4, 33, d0, 
5, 11, d0, 
6, 11, d0, 
7, 11, d0, 
1, 32, d1, 
2, 19, d1, 
3, 32, d1, 
4, 32, d1, 
5, 12, d1, 
6, 12, d1, 
7, 12, d1, 
1, 31, d2, 
2, 20, d2, 
3, 31, d2, 
4, 31, d2, 
5, 13, d2, 
6, 13, d2, 
7, 13, d2, 
1, 30, d3, 
2, 21, d3, 
3, 30, d3, 
4, 30, d3, 
5, 15, d3, 
6, 15, d3, 
7, 15, d3, 
1, 29, d4, 
2, 22, d4, 
3, 29, d4, 
4, 29, d4, 
5, 16, d4, 
6, 16, d4, 
7, 16, d4, 
1, 28, d5, 
2, 23, d5, 
3, 28, d5, 
4, 28, d5, 
5, 17, d5, 
6, 17, d5, 
7, 17, d5, 
1, 27, d6, 
2, 24, d6, 
3, 27, d6, 
4, 27, d6, 
5, 18, d6, 
6, 18, d6, 
7, 18, d6, 
1, 26, d7, 
2, 25, d7, 
3, 26, d7, 
4, 26, d7, 
5, 19, d7, 
6, 19, d7, 
7, 19, d7, 
2, 16, dcdb, 
11, 11, devb, 
14, 5, devb, g2ab, 
14, 4, devb, g2bb, 
2, 17, dsrb, 
2, 11, dtrb, 
# 7, AT28C64, EEPROM1, 
1, 21, gnd, 
10, 1, ha, 
11, 1, ha, 
11, 2, ha, 
8, 12, ha, 
11, 10, hab, 
12, 1, hab, 
12, 4, hab, 
11, 3, hab, ramb, 
10, 6, hb, 
11, 4, hb, 
11, 5, hb, 
11, 12, hbb, 
11, 6, hbb, 
11, 9, hbb, 
1, 4, irqb, 
2, 26, irqb, 
3, 21, irqb, 
4, 21, irqb, 
10, 10, nc, 
10, 11, nc, 
10, 12, nc, 
10, 13, nc, 
10, 8, nc, 
10, 9, nc, 
12, 10, nc, 
12, 11, nc, 
12, 12, nc, 
12, 13, nc, 
12, 8, nc, 
12, 9, nc, 
1, 35, nc, 
1, 36, nc, 
1, 5, nc, 
7, 26, nc, 
9, 11, nc, 
9, 12, nc, 
9, 13, nc, 
1, 6, nmib, 
5, 22, oeb, 
6, 22, oeb, 
7, 22, oeb, 
8, 10, oeb, 
8, 6, oeb, 
10, 3, p103, 
10, 4, p103, 
9, 3, p91, 
9, 9, p91, 
9, 10, p96, 
9, 6, p96, 
10, 5, p98, 
9, 8, p98, 
1, 37, phi0, 
1, 3, phi1, 
1, 39, phi2, 
2, 27, phi2, 
3, 25, phi2, 
4, 25, phi2, 
8, 11, phi2, 
8, 3, phi2, 
11, 13, ramb, 
1, 2, rdy, 
1, 40, resb, 
2, 4, resb, 
3, 34, resb, 
4, 34, resb, 
# 13, DS1813, reset delay, 
11, 8, romb, 
13, 1, rstb, 
2, 8, rtsb, 
1, 34, rwb, 
2, 28, rwb, 
3, 22, rwb, 
4, 22, rwb, 
8, 4, rwb, 
2, 5, rxc, 
2, 12, rxd, 
1, 38, so  , 
# 5, HM62256, SRAM1, 
# 6, HM62256, SRAM2, 
1, 7, sync, 
2, 10, txd, 
10, 14, vcc, 
11, 14, vcc, 
12, 14, vcc, 
13, 2, vcc, 
14, 16, vcc, 
1, 8, vcc, 
3, 20, vcc, 
4, 20, vcc, 
5, 28, vcc, 
6, 28, vcc, 
7, 28, vcc, 
8, 14, vcc, 
9, 14, vcc, 
2, 2, vcc, cs0, 
3, 24, vcc, cs1, 
4, 24, vcc, cs1, 
8, 5, vcc, enable, 
8, 9, vcc, enable, 
14, 6, vcc, g1, 
2, 15, vdd, 
# 3, 6522, VIA, 
# 4, 6522, VIA, 
10, 7, vss, 
11, 7, vss, 
1, 1, vss, 
12, 7, vss, 
13, 3, vss, 
14, 8, vss, 
2, 1, vss, 
3, 1, vss, 
4, 1, vss, 
5, 14, vss, 
6, 14, vss, 
7, 14, vss, 
8, 7, vss, 
9, 7, vss, 
5, 27, web, 
6, 27, web, 
7, 27, web, 
8, 8, web, 
2, 6, xtl1, 
2, 7, xtl2, 
14, 15, y0, 
14, 11, y4, 
14, 10, y5, 
14, 9, y6, 
14, 7, y7, 
